<?xml version="1.0" encoding="UTF-8"?>
<!-- Generated by org.testng.reporters.JUnitReportReporter -->
<testsuite hostname="MAVBCP3163" failures="0" tests="5" name="com.test.example.calculator" time="12.801" errors="0" timestamp="2022-01-13T15:23:34 IST" skipped="0">
  <testcase classname="com.test.example.calculator" name="sum" time="2.944"/>
  <system-out/>
  <testcase classname="com.test.example.calculator" name="subtraction" time="2.407"/>
  <system-out/>
  <testcase classname="com.test.example.calculator" name="multiplication" time="2.402"/>
  <system-out/>
  <testcase classname="com.test.example.calculator" name="division" time="2.686"/>
  <system-out/>
  <testcase classname="com.test.example.calculator" name="Modulo" time="2.362"/>
  <system-out/>
</testsuite> <!-- com.test.example.calculator -->
